16/10/2020 01:11:20 PM - WARNING - Error occured while logging-in to your mail account. Email(s) not sent.
16/10/2020 01:11:59 PM - WARNING - Unknown error occured while connecting to mail server. Email(s) not sent.
16/10/2020 01:12:33 PM - WARNING - Error occured while logging-in to your mail account. Email(s) not sent.
16/10/2020 01:13:56 PM - WARNING - Email server not supported. Try a domain name in the following list : { yahoo, gmail, neuf, bbox, bouygtel, free, live, laposte, orange, sfr, wanadoo, outlook }
16/10/2020 01:14:33 PM - WARNING - Error occured while logging-in to your mail account. Email(s) not sent.
16/10/2020 01:59:54 PM - WARNING - Error occured while logging-in to your mail account. Email(s) not sent.
16/10/2020 02:01:23 PM - WARNING - Mail server unexpectly disconnected. Email(s) not sent.
16/10/2020 02:02:13 PM - WARNING - Error occured while logging-in to your mail account. Email(s) not sent.
16/10/2020 02:02:45 PM - WARNING - Error occured while logging-in to your mail account. Email(s) not sent.
16/10/2020 05:25:19 PM - INFO - Zip extracted
16/10/2020 05:25:20 PM - INFO - Connected (version 2.0, client OpenSSH_7.9p1)
16/10/2020 05:25:20 PM - INFO - Authentication (password) successful!
16/10/2020 05:25:20 PM - INFO - [chan 0] Opened sftp connection (server version 3)
16/10/2020 05:25:21 PM - INFO - [chan 0] sftp session closed.
16/10/2020 05:25:21 PM - INFO - Tar file sent to sftp server 192.168.1.64 on user guest
16/10/2020 05:25:21 PM - INFO - Connected (version 2.0, client OpenSSH_7.9p1)
16/10/2020 05:25:21 PM - INFO - Authentication (password) successful!
16/10/2020 05:25:21 PM - INFO - [chan 0] Opened sftp connection (server version 3)
16/10/2020 05:25:21 PM - INFO - Ack
16/10/2020 05:25:21 PM - INFO - [chan 0] sftp session closed.
16/10/2020 05:45:33 PM - WARNING - Time to save value format is not supported. Default value is 1 day.
16/10/2020 05:45:33 PM - INFO - Zip extracted
16/10/2020 05:45:33 PM - INFO - Connected (version 2.0, client OpenSSH_7.9p1)
16/10/2020 05:45:33 PM - INFO - Authentication (password) successful!
16/10/2020 05:45:33 PM - ERROR - Unknown error occured while sending tgz file to sftp server
16/10/2020 05:45:51 PM - WARNING - Time to save value format is not supported. Default value is 1 day.
16/10/2020 05:45:51 PM - INFO - Zip extracted
16/10/2020 05:45:51 PM - INFO - Connected (version 2.0, client OpenSSH_7.9p1)
16/10/2020 05:45:51 PM - INFO - Authentication (password) successful!
16/10/2020 05:45:51 PM - ERROR - Unknown error occured while sending tgz file to sftp server
16/10/2020 05:46:17 PM - WARNING - Time to save value format is not supported. Default value is 1 day.
16/10/2020 05:46:17 PM - INFO - Zip extracted
16/10/2020 05:46:22 PM - INFO - Connected (version 2.0, client OpenSSH_7.9p1)
16/10/2020 05:46:23 PM - INFO - Authentication (password) successful!
16/10/2020 05:46:42 PM - ERROR - Unknown error occured while sending tgz file to sftp server
16/10/2020 05:46:48 PM - WARNING - Time to save value format is not supported. Default value is 1 day.
16/10/2020 05:46:48 PM - INFO - Zip extracted
16/10/2020 05:46:48 PM - INFO - Connected (version 2.0, client OpenSSH_7.9p1)
16/10/2020 05:46:48 PM - INFO - Authentication (password) successful!
16/10/2020 05:46:48 PM - INFO - [chan 0] Opened sftp connection (server version 3)
16/10/2020 05:46:48 PM - INFO - [chan 0] sftp session closed.
16/10/2020 05:46:48 PM - ERROR - Remote path does not exist
16/10/2020 05:48:39 PM - WARNING - Time to save value format is not supported. Default value is 1 day.
16/10/2020 05:48:39 PM - INFO - Zip extracted
16/10/2020 05:48:45 PM - INFO - Connected (version 2.0, client OpenSSH_7.9p1)
16/10/2020 05:48:45 PM - INFO - Authentication (password) successful!
16/10/2020 05:48:48 PM - INFO - [chan 0] Opened sftp connection (server version 3)
16/10/2020 05:49:12 PM - ERROR - Remote path does not exist in archval function.
16/10/2020 05:49:17 PM - INFO - [chan 0] sftp session closed.
16/10/2020 05:49:17 PM - ERROR - Unknown error occured while sending tgz file to sftp server
16/10/2020 05:49:27 PM - WARNING - Time to save value format is not supported. Default value is 1 day.
16/10/2020 05:49:27 PM - INFO - Zip extracted
16/10/2020 05:49:27 PM - INFO - Connected (version 2.0, client OpenSSH_7.9p1)
16/10/2020 05:49:27 PM - INFO - Authentication (password) successful!
16/10/2020 05:49:30 PM - INFO - [chan 0] Opened sftp connection (server version 3)
16/10/2020 05:50:12 PM - INFO - [chan 0] sftp session closed.
16/10/2020 05:50:12 PM - ERROR - Unknown error occured while sending tgz file to sftp server
16/10/2020 05:50:14 PM - WARNING - Time to save value format is not supported. Default value is 1 day.
16/10/2020 05:50:14 PM - INFO - Zip extracted
16/10/2020 05:50:14 PM - INFO - Connected (version 2.0, client OpenSSH_7.9p1)
16/10/2020 05:50:14 PM - INFO - Authentication (password) successful!
16/10/2020 05:50:16 PM - INFO - [chan 0] Opened sftp connection (server version 3)
16/10/2020 05:50:22 PM - INFO - [chan 0] sftp session closed.
16/10/2020 05:50:22 PM - ERROR - Unknown error occured while sending tgz file to sftp server
16/10/2020 05:50:31 PM - WARNING - Time to save value format is not supported. Default value is 1 day.
16/10/2020 05:50:32 PM - INFO - Zip extracted
16/10/2020 05:50:32 PM - INFO - Connected (version 2.0, client OpenSSH_7.9p1)
16/10/2020 05:50:32 PM - INFO - Authentication (password) successful!
16/10/2020 05:50:35 PM - INFO - [chan 0] Opened sftp connection (server version 3)
16/10/2020 05:50:43 PM - INFO - [chan 0] sftp session closed.
16/10/2020 05:50:43 PM - ERROR - Unknown error occured while sending tgz file to sftp server
16/10/2020 05:50:54 PM - WARNING - Time to save value format is not supported. Default value is 1 day.
16/10/2020 05:50:54 PM - INFO - Zip extracted
16/10/2020 05:50:55 PM - INFO - Connected (version 2.0, client OpenSSH_7.9p1)
16/10/2020 05:50:55 PM - INFO - Authentication (password) successful!
16/10/2020 05:50:57 PM - INFO - [chan 0] Opened sftp connection (server version 3)
16/10/2020 05:51:42 PM - WARNING - Time to save value format is not supported. Default value is 1 day.
16/10/2020 05:51:42 PM - INFO - Zip extracted
16/10/2020 05:51:42 PM - INFO - Connected (version 2.0, client OpenSSH_7.9p1)
16/10/2020 05:51:42 PM - INFO - Authentication (password) successful!
16/10/2020 05:51:42 PM - INFO - [chan 0] Opened sftp connection (server version 3)
16/10/2020 05:51:42 PM - INFO - [chan 0] sftp session closed.
16/10/2020 05:51:42 PM - INFO - Connection established with sftp server @192.168.1.64
16/10/2020 05:51:42 PM - INFO - Tar file sent to sftp server 192.168.1.64 on user guest
16/10/2020 05:51:42 PM - INFO - Connected (version 2.0, client OpenSSH_7.9p1)
16/10/2020 05:51:42 PM - INFO - Authentication (password) successful!
16/10/2020 05:51:43 PM - INFO - [chan 0] Opened sftp connection (server version 3)
16/10/2020 05:51:43 PM - INFO - Ack
16/10/2020 05:51:43 PM - INFO - [chan 0] sftp session closed.
16/10/2020 05:51:53 PM - ERROR - Remote path does not exist in archval function.
16/10/2020 05:51:53 PM - INFO - [chan 0] sftp session closed.
16/10/2020 05:51:53 PM - ERROR - Remote path does not exist
16/10/2020 05:52:05 PM - WARNING - Time to save value format is not supported. Default value is 1 day.
16/10/2020 05:52:05 PM - INFO - Zip extracted
16/10/2020 05:52:05 PM - INFO - Connected (version 2.0, client OpenSSH_7.9p1)
16/10/2020 05:52:05 PM - INFO - Authentication (password) successful!
16/10/2020 05:53:55 PM - WARNING - Time to save value format is not supported. Default value is 1 day.
16/10/2020 05:53:55 PM - INFO - Zip extracted
16/10/2020 05:53:55 PM - INFO - Connected (version 2.0, client OpenSSH_7.9p1)
16/10/2020 05:53:55 PM - INFO - Authentication (password) successful!
16/10/2020 05:53:56 PM - INFO - [chan 0] Opened sftp connection (server version 3)
16/10/2020 05:53:56 PM - INFO - [chan 0] sftp session closed.
16/10/2020 05:53:56 PM - INFO - Connection established with sftp server @192.168.1.64
16/10/2020 05:53:56 PM - INFO - Tar file sent to sftp server 192.168.1.64 on user guest
16/10/2020 05:53:56 PM - INFO - Connected (version 2.0, client OpenSSH_7.9p1)
16/10/2020 05:53:56 PM - INFO - Authentication (password) successful!
16/10/2020 05:53:56 PM - INFO - [chan 0] Opened sftp connection (server version 3)
16/10/2020 05:53:56 PM - INFO - Ack
16/10/2020 05:53:56 PM - INFO - [chan 0] sftp session closed.
16/10/2020 05:54:01 PM - WARNING - Time to save value format is not supported. Default value is 1 day.
16/10/2020 05:54:01 PM - INFO - Zip extracted
16/10/2020 05:54:01 PM - INFO - Connected (version 2.0, client OpenSSH_7.9p1)
16/10/2020 05:54:01 PM - INFO - Authentication (password) successful!
16/10/2020 05:54:01 PM - INFO - [chan 0] Opened sftp connection (server version 3)
16/10/2020 05:54:01 PM - INFO - [chan 0] sftp session closed.
16/10/2020 05:54:01 PM - INFO - Connection established with sftp server @192.168.1.64
16/10/2020 05:54:01 PM - INFO - Tar file sent to sftp server 192.168.1.64 on user guest
16/10/2020 05:54:01 PM - INFO - Connected (version 2.0, client OpenSSH_7.9p1)
16/10/2020 05:54:02 PM - INFO - Authentication (password) successful!
16/10/2020 05:54:02 PM - INFO - [chan 0] Opened sftp connection (server version 3)
16/10/2020 05:54:02 PM - INFO - Ack
16/10/2020 05:54:02 PM - INFO - [chan 0] sftp session closed.
16/10/2020 05:54:04 PM - INFO - [chan 0] Opened sftp connection (server version 3)
16/10/2020 05:54:04 PM - INFO - [chan 0] sftp session closed.
16/10/2020 05:54:04 PM - ERROR - Remote path does not exist
16/10/2020 05:54:22 PM - WARNING - Time to save value format is not supported. Default value is 1 day.
16/10/2020 05:54:23 PM - INFO - Zip extracted
16/10/2020 05:54:23 PM - INFO - Connected (version 2.0, client OpenSSH_7.9p1)
16/10/2020 05:54:23 PM - INFO - Authentication (password) successful!
16/10/2020 05:54:23 PM - INFO - [chan 0] Opened sftp connection (server version 3)
16/10/2020 05:54:23 PM - INFO - [chan 0] sftp session closed.
16/10/2020 05:54:23 PM - INFO - Connection established with sftp server @192.168.1.64
16/10/2020 05:54:23 PM - INFO - Tar file sent to sftp server 192.168.1.64 on user guest
16/10/2020 05:54:23 PM - INFO - Connected (version 2.0, client OpenSSH_7.9p1)
16/10/2020 05:54:24 PM - INFO - Authentication (password) successful!
16/10/2020 05:54:24 PM - INFO - [chan 0] Opened sftp connection (server version 3)
16/10/2020 05:54:24 PM - INFO - Ack
16/10/2020 05:54:24 PM - INFO - [chan 0] sftp session closed.
16/10/2020 05:54:57 PM - WARNING - Time to save value format is not supported. Default value is 1 day.
16/10/2020 05:54:57 PM - INFO - Zip extracted
16/10/2020 05:54:58 PM - INFO - Connected (version 2.0, client OpenSSH_7.9p1)
16/10/2020 05:54:58 PM - INFO - Authentication (password) successful!
16/10/2020 05:54:58 PM - INFO - [chan 0] Opened sftp connection (server version 3)
16/10/2020 05:54:59 PM - INFO - [chan 0] sftp session closed.
16/10/2020 05:54:59 PM - INFO - Connection established with sftp server @192.168.1.64
16/10/2020 05:54:59 PM - INFO - Tar file sent to sftp server 192.168.1.64 on user guest
16/10/2020 05:54:59 PM - INFO - Connected (version 2.0, client OpenSSH_7.9p1)
16/10/2020 05:54:59 PM - INFO - Authentication (password) successful!
16/10/2020 05:54:59 PM - INFO - [chan 0] Opened sftp connection (server version 3)
16/10/2020 05:54:59 PM - INFO - Ack
16/10/2020 05:54:59 PM - INFO - [chan 0] sftp session closed.
16/10/2020 05:55:06 PM - WARNING - Time to save value format is not supported. Default value is 1 day.
16/10/2020 05:55:06 PM - INFO - Zip extracted
16/10/2020 05:55:06 PM - INFO - Connected (version 2.0, client OpenSSH_7.9p1)
16/10/2020 05:55:06 PM - INFO - Authentication (password) successful!
16/10/2020 05:55:07 PM - INFO - [chan 0] Opened sftp connection (server version 3)
16/10/2020 05:55:07 PM - ERROR - Socket exception: Une connexion existante a dû être fermée par l’hôte distant (10054)
16/10/2020 05:55:07 PM - INFO - [chan 0] sftp session closed.
16/10/2020 05:55:07 PM - ERROR - Unknown error occured while sending tgz file to sftp server
16/10/2020 05:55:21 PM - WARNING - Time to save value format is not supported. Default value is 1 day.
16/10/2020 05:55:21 PM - INFO - Zip extracted
16/10/2020 05:55:21 PM - INFO - Connected (version 2.0, client OpenSSH_7.9p1)
16/10/2020 05:55:21 PM - INFO - Authentication (password) successful!
16/10/2020 05:55:22 PM - INFO - [chan 0] Opened sftp connection (server version 3)
16/10/2020 05:55:22 PM - INFO - [chan 0] sftp session closed.
16/10/2020 05:55:22 PM - INFO - Connection established with sftp server @192.168.1.64
16/10/2020 05:55:22 PM - INFO - Tar file sent to sftp server 192.168.1.64 on user guest
16/10/2020 05:55:22 PM - INFO - Connected (version 2.0, client OpenSSH_7.9p1)
16/10/2020 05:55:22 PM - INFO - Authentication (password) successful!
16/10/2020 05:55:22 PM - INFO - [chan 0] Opened sftp connection (server version 3)
16/10/2020 05:55:22 PM - INFO - Ack
16/10/2020 05:55:22 PM - INFO - [chan 0] sftp session closed.
16/10/2020 05:57:16 PM - WARNING - Time to save value format is not supported. Default value is 1 day.
16/10/2020 05:57:16 PM - INFO - Zip extracted
16/10/2020 05:57:17 PM - INFO - Connected (version 2.0, client OpenSSH_7.9p1)
16/10/2020 05:57:17 PM - INFO - Authentication (password) successful!
16/10/2020 05:57:17 PM - INFO - [chan 0] Opened sftp connection (server version 3)
16/10/2020 05:57:17 PM - INFO - [chan 0] sftp session closed.
16/10/2020 05:57:17 PM - INFO - Connection established with sftp server @192.168.1.64
16/10/2020 05:57:17 PM - INFO - Tar file sent to sftp server 192.168.1.64 on user guest
16/10/2020 05:57:18 PM - INFO - Connected (version 2.0, client OpenSSH_7.9p1)
16/10/2020 05:57:18 PM - INFO - Authentication (password) successful!
16/10/2020 05:57:18 PM - INFO - [chan 0] Opened sftp connection (server version 3)
16/10/2020 05:57:18 PM - INFO - Ack
16/10/2020 05:57:18 PM - INFO - [chan 0] sftp session closed.
16/10/2020 05:57:45 PM - WARNING - Time to save value format is not supported. Default value is 1 day.
16/10/2020 05:57:45 PM - INFO - Zip extracted
16/10/2020 05:57:45 PM - INFO - Connected (version 2.0, client OpenSSH_7.9p1)
16/10/2020 05:57:45 PM - INFO - Authentication (password) successful!
16/10/2020 05:57:46 PM - INFO - [chan 0] Opened sftp connection (server version 3)
16/10/2020 05:57:46 PM - ERROR - Socket exception: Une connexion existante a dû être fermée par l’hôte distant (10054)
16/10/2020 05:57:46 PM - INFO - [chan 0] sftp session closed.
16/10/2020 05:57:46 PM - ERROR - Unknown error occured while sending tgz file to sftp server
16/10/2020 05:57:55 PM - WARNING - Time to save value format is not supported. Default value is 1 day.
16/10/2020 05:57:55 PM - INFO - Zip extracted
16/10/2020 05:57:55 PM - INFO - Connected (version 2.0, client OpenSSH_7.9p1)
16/10/2020 05:57:55 PM - INFO - Authentication (password) successful!
16/10/2020 05:57:55 PM - INFO - [chan 0] Opened sftp connection (server version 3)
16/10/2020 05:57:55 PM - ERROR - Socket exception: Une connexion existante a dû être fermée par l’hôte distant (10054)
16/10/2020 05:57:55 PM - INFO - [chan 0] sftp session closed.
16/10/2020 05:57:55 PM - ERROR - Unknown error occured while sending tgz file to sftp server
16/10/2020 05:59:58 PM - WARNING - Time to save value format is not supported. Default value is 1 day.
16/10/2020 05:59:58 PM - INFO - Zip extracted
16/10/2020 05:59:59 PM - INFO - Connected (version 2.0, client OpenSSH_7.9p1)
16/10/2020 05:59:59 PM - INFO - Authentication (password) successful!
16/10/2020 05:59:59 PM - INFO - [chan 0] Opened sftp connection (server version 3)
16/10/2020 06:00:00 PM - INFO - [chan 0] sftp session closed.
16/10/2020 06:00:00 PM - INFO - Connection established with sftp server @192.168.1.64
16/10/2020 06:00:00 PM - INFO - Tar file sent to sftp server 192.168.1.64 on user guest
16/10/2020 06:00:00 PM - INFO - Connected (version 2.0, client OpenSSH_7.9p1)
16/10/2020 06:00:00 PM - INFO - Authentication (password) successful!
16/10/2020 06:00:00 PM - INFO - [chan 0] Opened sftp connection (server version 3)
16/10/2020 06:00:00 PM - INFO - Ack
16/10/2020 06:00:00 PM - INFO - [chan 0] sftp session closed.
16/10/2020 06:04:29 PM - WARNING - Time to save value format is not supported. Default value is 1 day.
16/10/2020 06:04:29 PM - INFO - Zip extracted
16/10/2020 06:04:30 PM - INFO - Connected (version 2.0, client OpenSSH_7.9p1)
16/10/2020 06:04:30 PM - INFO - Authentication (password) successful!
16/10/2020 06:04:30 PM - INFO - [chan 0] Opened sftp connection (server version 3)
16/10/2020 06:04:30 PM - INFO - [chan 0] sftp session closed.
16/10/2020 06:04:30 PM - ERROR - Unknown error occured while sending tgz file to sftp server
16/10/2020 06:04:50 PM - WARNING - Time to save value format is not supported. Default value is 1 day.
16/10/2020 06:04:50 PM - INFO - Zip extracted
16/10/2020 06:04:50 PM - INFO - Connected (version 2.0, client OpenSSH_7.9p1)
16/10/2020 06:04:50 PM - INFO - Authentication (password) successful!
16/10/2020 06:04:51 PM - INFO - [chan 0] Opened sftp connection (server version 3)
16/10/2020 06:04:51 PM - INFO - [chan 0] sftp session closed.
16/10/2020 06:04:51 PM - ERROR - Unknown error occured while sending tgz file to sftp server
16/10/2020 06:05:17 PM - WARNING - Time to save value format is not supported. Default value is 1 day.
16/10/2020 06:05:17 PM - INFO - Zip extracted
16/10/2020 06:05:17 PM - INFO - Connected (version 2.0, client OpenSSH_7.9p1)
16/10/2020 06:05:17 PM - INFO - Authentication (password) successful!
16/10/2020 06:05:18 PM - INFO - [chan 0] Opened sftp connection (server version 3)
16/10/2020 06:05:18 PM - INFO - [chan 0] sftp session closed.
16/10/2020 06:05:18 PM - INFO - Connection established with sftp server @192.168.1.64
16/10/2020 06:05:18 PM - INFO - Tar file sent to sftp server 192.168.1.64 on user guest
16/10/2020 06:05:18 PM - INFO - Connected (version 2.0, client OpenSSH_7.9p1)
16/10/2020 06:05:18 PM - INFO - Authentication (password) successful!
16/10/2020 06:05:18 PM - INFO - [chan 0] Opened sftp connection (server version 3)
16/10/2020 06:05:18 PM - INFO - Ack
16/10/2020 06:05:18 PM - INFO - [chan 0] sftp session closed.
16/10/2020 06:05:29 PM - WARNING - Time to save value format is not supported. Default value is 1 day.
16/10/2020 06:05:29 PM - INFO - Zip extracted
16/10/2020 06:05:30 PM - INFO - Connected (version 2.0, client OpenSSH_7.9p1)
16/10/2020 06:05:30 PM - INFO - Authentication (password) successful!
16/10/2020 06:05:31 PM - INFO - [chan 0] Opened sftp connection (server version 3)
16/10/2020 06:05:31 PM - INFO - [chan 0] sftp session closed.
16/10/2020 06:05:31 PM - INFO - Connection established with sftp server @192.168.1.64
16/10/2020 06:05:31 PM - INFO - Tar file sent to sftp server 192.168.1.64 on user guest
16/10/2020 06:05:31 PM - INFO - Connected (version 2.0, client OpenSSH_7.9p1)
16/10/2020 06:05:31 PM - INFO - Authentication (password) successful!
16/10/2020 06:05:31 PM - INFO - [chan 0] Opened sftp connection (server version 3)
16/10/2020 06:05:31 PM - INFO - Ack
16/10/2020 06:05:31 PM - INFO - [chan 0] sftp session closed.
16/10/2020 06:08:15 PM - WARNING - Time to save value format is not supported. Default value is 1 day.
16/10/2020 06:08:15 PM - INFO - Zip extracted
16/10/2020 06:08:15 PM - INFO - Connected (version 2.0, client OpenSSH_7.9p1)
16/10/2020 06:08:15 PM - INFO - Authentication (password) successful!
16/10/2020 06:08:16 PM - INFO - [chan 0] Opened sftp connection (server version 3)
16/10/2020 06:08:16 PM - INFO - [chan 0] sftp session closed.
16/10/2020 06:08:16 PM - INFO - Connection established with sftp server @192.168.1.64
16/10/2020 06:08:16 PM - INFO - Tar file sent to sftp server 192.168.1.64 on user guest
16/10/2020 06:08:16 PM - INFO - Connected (version 2.0, client OpenSSH_7.9p1)
16/10/2020 06:08:16 PM - INFO - Authentication (password) successful!
16/10/2020 06:08:16 PM - INFO - [chan 0] Opened sftp connection (server version 3)
16/10/2020 06:08:16 PM - INFO - Ack
16/10/2020 06:08:16 PM - INFO - [chan 0] sftp session closed.
16/10/2020 06:08:32 PM - WARNING - Time to save value format is not supported. Default value is 1 day.
16/10/2020 06:08:32 PM - INFO - Zip extracted
16/10/2020 06:08:32 PM - INFO - Connected (version 2.0, client OpenSSH_7.9p1)
16/10/2020 06:08:32 PM - INFO - Authentication (password) successful!
16/10/2020 06:08:33 PM - INFO - [chan 0] Opened sftp connection (server version 3)
16/10/2020 06:08:33 PM - ERROR - Socket exception: Une connexion existante a dû être fermée par l’hôte distant (10054)
16/10/2020 06:08:33 PM - INFO - [chan 0] sftp session closed.
16/10/2020 06:08:33 PM - ERROR - Unknown error occured while sending tgz file to sftp server
16/10/2020 06:08:47 PM - WARNING - Time to save value format is not supported. Default value is 1 day.
16/10/2020 06:08:47 PM - INFO - Zip extracted
16/10/2020 06:08:47 PM - INFO - Connected (version 2.0, client OpenSSH_7.9p1)
16/10/2020 06:08:47 PM - INFO - Authentication (password) successful!
16/10/2020 06:08:48 PM - INFO - [chan 0] Opened sftp connection (server version 3)
16/10/2020 06:08:48 PM - ERROR - Socket exception: Une connexion existante a dû être fermée par l’hôte distant (10054)
16/10/2020 06:08:48 PM - INFO - [chan 0] sftp session closed.
16/10/2020 06:08:48 PM - ERROR - Unknown error occured while sending tgz file to sftp server
16/10/2020 06:08:57 PM - WARNING - Time to save value format is not supported. Default value is 1 day.
16/10/2020 06:08:57 PM - INFO - Zip extracted
16/10/2020 06:08:57 PM - INFO - Connected (version 2.0, client OpenSSH_7.9p1)
16/10/2020 06:08:57 PM - INFO - Authentication (password) successful!
16/10/2020 06:08:58 PM - INFO - [chan 0] Opened sftp connection (server version 3)
16/10/2020 06:08:58 PM - INFO - [chan 0] sftp session closed.
16/10/2020 06:08:58 PM - INFO - Connection established with sftp server @192.168.1.64
16/10/2020 06:08:58 PM - INFO - Tar file sent to sftp server 192.168.1.64 on user guest
16/10/2020 06:08:58 PM - INFO - Connected (version 2.0, client OpenSSH_7.9p1)
16/10/2020 06:08:58 PM - INFO - Authentication (password) successful!
16/10/2020 06:08:58 PM - INFO - [chan 0] Opened sftp connection (server version 3)
16/10/2020 06:08:58 PM - INFO - Ack
16/10/2020 06:08:58 PM - INFO - [chan 0] sftp session closed.
16/10/2020 06:09:12 PM - WARNING - Time to save value format is not supported. Default value is 1 day.
16/10/2020 06:09:13 PM - INFO - Zip extracted
16/10/2020 06:09:13 PM - INFO - Connected (version 2.0, client OpenSSH_7.9p1)
16/10/2020 06:09:13 PM - INFO - Authentication (password) successful!
16/10/2020 06:09:13 PM - INFO - [chan 0] Opened sftp connection (server version 3)
16/10/2020 06:09:13 PM - INFO - [chan 0] sftp session closed.
16/10/2020 06:09:13 PM - INFO - Connection established with sftp server @192.168.1.64
16/10/2020 06:09:13 PM - INFO - Tar file sent to sftp server 192.168.1.64 on user guest
16/10/2020 06:09:13 PM - INFO - Connected (version 2.0, client OpenSSH_7.9p1)
16/10/2020 06:09:14 PM - INFO - Authentication (password) successful!
16/10/2020 06:09:14 PM - INFO - [chan 0] Opened sftp connection (server version 3)
16/10/2020 06:09:14 PM - INFO - Ack
16/10/2020 06:09:14 PM - INFO - [chan 0] sftp session closed.
16/10/2020 06:10:13 PM - WARNING - Time to save value format is not supported. Default value is 1 day.
16/10/2020 06:10:13 PM - INFO - Zip extracted
16/10/2020 06:10:14 PM - INFO - Connected (version 2.0, client OpenSSH_7.9p1)
16/10/2020 06:10:14 PM - INFO - Authentication (password) successful!
16/10/2020 06:10:14 PM - INFO - [chan 0] Opened sftp connection (server version 3)
16/10/2020 06:10:14 PM - ERROR - Socket exception: Une connexion existante a dû être fermée par l’hôte distant (10054)
16/10/2020 06:10:14 PM - INFO - [chan 0] sftp session closed.
16/10/2020 06:10:14 PM - ERROR - Unknown error occured while sending tgz file to sftp server
16/10/2020 06:10:40 PM - WARNING - Time to save value format is not supported. Default value is 1 day.
16/10/2020 06:10:40 PM - INFO - Zip extracted
16/10/2020 06:10:40 PM - INFO - Connected (version 2.0, client OpenSSH_7.9p1)
16/10/2020 06:10:40 PM - INFO - Authentication (password) successful!
16/10/2020 06:10:40 PM - INFO - [chan 0] Opened sftp connection (server version 3)
16/10/2020 06:10:40 PM - INFO - [chan 0] sftp session closed.
16/10/2020 06:10:40 PM - INFO - Connection established with sftp server @192.168.1.64
16/10/2020 06:10:40 PM - INFO - Tar file sent to sftp server 192.168.1.64 on user guest
16/10/2020 06:10:41 PM - INFO - Connected (version 2.0, client OpenSSH_7.9p1)
16/10/2020 06:10:41 PM - INFO - Authentication (password) successful!
16/10/2020 06:10:41 PM - INFO - [chan 0] Opened sftp connection (server version 3)
16/10/2020 06:10:41 PM - INFO - Ack
16/10/2020 06:10:41 PM - INFO - [chan 0] sftp session closed.
16/10/2020 06:10:58 PM - WARNING - Time to save value format is not supported. Default value is 1 day.
16/10/2020 06:10:59 PM - INFO - Zip extracted
16/10/2020 06:10:59 PM - INFO - Connected (version 2.0, client OpenSSH_7.9p1)
16/10/2020 06:10:59 PM - INFO - Authentication (password) successful!
16/10/2020 06:10:59 PM - INFO - [chan 0] Opened sftp connection (server version 3)
16/10/2020 06:10:59 PM - INFO - [chan 0] sftp session closed.
16/10/2020 06:10:59 PM - INFO - Connection established with sftp server @192.168.1.64
16/10/2020 06:10:59 PM - INFO - Tar file sent to sftp server 192.168.1.64 on user guest
16/10/2020 06:10:59 PM - INFO - Connected (version 2.0, client OpenSSH_7.9p1)
16/10/2020 06:11:00 PM - INFO - Authentication (password) successful!
16/10/2020 06:11:00 PM - INFO - [chan 0] Opened sftp connection (server version 3)
16/10/2020 06:11:00 PM - INFO - Ack
16/10/2020 06:11:00 PM - INFO - [chan 0] sftp session closed.
16/10/2020 06:12:07 PM - WARNING - Time to save value format is not supported. Default value is 1 day.
16/10/2020 06:12:07 PM - INFO - Zip extracted
16/10/2020 06:12:07 PM - INFO - Connected (version 2.0, client OpenSSH_7.9p1)
16/10/2020 06:12:07 PM - INFO - Authentication (password) successful!
16/10/2020 06:12:08 PM - INFO - [chan 0] Opened sftp connection (server version 3)
16/10/2020 06:12:08 PM - INFO - [chan 0] sftp session closed.
16/10/2020 06:12:08 PM - INFO - Connection established with sftp server @192.168.1.64
16/10/2020 06:12:08 PM - INFO - Tar file sent to sftp server 192.168.1.64 on user guest
16/10/2020 06:12:08 PM - INFO - Connected (version 2.0, client OpenSSH_7.9p1)
16/10/2020 06:12:08 PM - INFO - Authentication (password) successful!
16/10/2020 06:12:09 PM - INFO - [chan 0] Opened sftp connection (server version 3)
16/10/2020 06:12:09 PM - INFO - Ack
16/10/2020 06:12:09 PM - INFO - [chan 0] sftp session closed.
16/10/2020 06:17:06 PM - INFO - Zip extracted
16/10/2020 06:17:06 PM - INFO - Connected (version 2.0, client OpenSSH_7.9p1)
16/10/2020 06:17:06 PM - INFO - Authentication (password) successful!
16/10/2020 06:17:07 PM - INFO - [chan 0] Opened sftp connection (server version 3)
16/10/2020 06:17:07 PM - INFO - [chan 0] sftp session closed.
16/10/2020 06:17:07 PM - INFO - Connection established with sftp server @192.168.1.64
16/10/2020 06:17:07 PM - INFO - Connected (version 2.0, client OpenSSH_7.9p1)
16/10/2020 06:17:07 PM - INFO - Authentication (password) successful!
16/10/2020 06:17:07 PM - INFO - [chan 0] Opened sftp connection (server version 3)
16/10/2020 06:17:07 PM - INFO - Tar file sent to sftp server 192.168.1.64 on user guest
16/10/2020 06:17:07 PM - INFO - [chan 0] sftp session closed.
16/10/2020 06:18:09 PM - ERROR - Unknow error occured while conf.txt is getting decoded
16/10/2020 06:19:27 PM - WARNING - Time to save value format is not supported. Default value is 1 day.
16/10/2020 06:23:09 PM - INFO - Zip extracted
16/10/2020 06:23:09 PM - INFO - Connected (version 2.0, client OpenSSH_7.9p1)
16/10/2020 06:23:09 PM - INFO - Authentication (password) successful!
16/10/2020 06:23:10 PM - INFO - [chan 0] Opened sftp connection (server version 3)
16/10/2020 06:23:10 PM - INFO - [chan 0] sftp session closed.
16/10/2020 06:23:10 PM - INFO - Connection established with sftp server @192.168.1.64
16/10/2020 06:23:10 PM - INFO - Connected (version 2.0, client OpenSSH_7.9p1)
16/10/2020 06:23:10 PM - INFO - Authentication (password) successful!
16/10/2020 06:23:10 PM - INFO - [chan 0] Opened sftp connection (server version 3)
16/10/2020 06:23:10 PM - INFO - Tar file sent to sftp server 192.168.1.64 on user guest
16/10/2020 06:23:10 PM - INFO - [chan 0] sftp session closed.
16/10/2020 06:25:01 PM - WARNING - Time to save value format is not supported. Default value is 1 day.
